[2025-11-11 10:42:00 +0000] [2754262] [INFO] Starting gunicorn 23.0.0
[2025-11-11 10:42:00 +0000] [2754262] [INFO] Listening at: http://127.0.0.1:5000 (2754262)
[2025-11-11 10:42:00 +0000] [2754262] [INFO] Using worker: sync
[2025-11-11 10:42:00 +0000] [2754263] [INFO] Booting worker with pid: 2754263
[2025-11-11 10:42:00 +0000] [2754263] [ERROR] Exception in worker process
Traceback (most recent call last):
  File "/home/rftuser/.venvs/rft-site/lib/python3.12/site-packages/gunicorn/arbiter.py", line 608, in spawn_worker
    worker.init_process()
  File "/home/rftuser/.venvs/rft-site/lib/python3.12/site-packages/gunicorn/workers/base.py", line 135, in init_process
    self.load_wsgi()
  File "/home/rftuser/.venvs/rft-site/lib/python3.12/site-packages/gunicorn/workers/base.py", line 147, in load_wsgi
    self.wsgi = self.app.wsgi()
                ^^^^^^^^^^^^^^^
  File "/home/rftuser/.venvs/rft-site/lib/python3.12/site-packages/gunicorn/app/base.py", line 66, in wsgi
    self.callable = self.load()
                    ^^^^^^^^^^^
  File "/home/rftuser/.venvs/rft-site/lib/python3.12/site-packages/gunicorn/app/wsgiapp.py", line 57, in load
    return self.load_wsgiapp()
           ^^^^^^^^^^^^^^^^^^^
  File "/home/rftuser/.venvs/rft-site/lib/python3.12/site-packages/gunicorn/app/wsgiapp.py", line 47, in load_wsgiapp
    return util.import_app(self.app_uri)
           ^^^^^^^^^^^^^^^^^^^^^^^^^^^^^
  File "/home/rftuser/.venvs/rft-site/lib/python3.12/site-packages/gunicorn/util.py", line 370, in import_app
    mod = importlib.import_module(module)
          ^^^^^^^^^^^^^^^^^^^^^^^^^^^^^^^
  File "/usr/lib/python3.12/importlib/__init__.py", line 90, in import_module
    return _bootstrap._gcd_import(name[level:], package, level)
           ^^^^^^^^^^^^^^^^^^^^^^^^^^^^^^^^^^^^^^^^^^^^^^^^^^^^
  File "<frozen importlib._bootstrap>", line 1387, in _gcd_import
  File "<frozen importlib._bootstrap>", line 1360, in _find_and_load
  File "<frozen importlib._bootstrap>", line 1324, in _find_and_load_unlocked
ModuleNotFoundError: No module named 'run'
[2025-11-11 10:42:00 +0000] [2754263] [INFO] Worker exiting (pid: 2754263)
[2025-11-11 10:42:00 +0000] [2754264] [INFO] Booting worker with pid: 2754264
[2025-11-11 10:42:00 +0000] [2754264] [ERROR] Exception in worker process
Traceback (most recent call last):
  File "/home/rftuser/.venvs/rft-site/lib/python3.12/site-packages/gunicorn/arbiter.py", line 608, in spawn_worker
    worker.init_process()
  File "/home/rftuser/.venvs/rft-site/lib/python3.12/site-packages/gunicorn/workers/base.py", line 135, in init_process
    self.load_wsgi()
  File "/home/rftuser/.venvs/rft-site/lib/python3.12/site-packages/gunicorn/workers/base.py", line 147, in load_wsgi
    self.wsgi = self.app.wsgi()
                ^^^^^^^^^^^^^^^
  File "/home/rftuser/.venvs/rft-site/lib/python3.12/site-packages/gunicorn/app/base.py", line 66, in wsgi
    self.callable = self.load()
                    ^^^^^^^^^^^
  File "/home/rftuser/.venvs/rft-site/lib/python3.12/site-packages/gunicorn/app/wsgiapp.py", line 57, in load
    return self.load_wsgiapp()
           ^^^^^^^^^^^^^^^^^^^
  File "/home/rftuser/.venvs/rft-site/lib/python3.12/site-packages/gunicorn/app/wsgiapp.py", line 47, in load_wsgiapp
    return util.import_app(self.app_uri)
           ^^^^^^^^^^^^^^^^^^^^^^^^^^^^^
  File "/home/rftuser/.venvs/rft-site/lib/python3.12/site-packages/gunicorn/util.py", line 370, in import_app
    mod = importlib.import_module(module)
          ^^^^^^^^^^^^^^^^^^^^^^^^^^^^^^^
  File "/usr/lib/python3.12/importlib/__init__.py", line 90, in import_module
    return _bootstrap._gcd_import(name[level:], package, level)
           ^^^^^^^^^^^^^^^^^^^^^^^^^^^^^^^^^^^^^^^^^^^^^^^^^^^^
  File "<frozen importlib._bootstrap>", line 1387, in _gcd_import
  File "<frozen importlib._bootstrap>", line 1360, in _find_and_load
  File "<frozen importlib._bootstrap>", line 1324, in _find_and_load_unlocked
ModuleNotFoundError: No module named 'run'
[2025-11-11 10:42:00 +0000] [2754264] [INFO] Worker exiting (pid: 2754264)
[2025-11-11 10:42:00 +0000] [2754265] [INFO] Booting worker with pid: 2754265
[2025-11-11 10:42:00 +0000] [2754265] [ERROR] Exception in worker process
Traceback (most recent call last):
  File "/home/rftuser/.venvs/rft-site/lib/python3.12/site-packages/gunicorn/arbiter.py", line 608, in spawn_worker
    worker.init_process()
  File "/home/rftuser/.venvs/rft-site/lib/python3.12/site-packages/gunicorn/workers/base.py", line 135, in init_process
    self.load_wsgi()
  File "/home/rftuser/.venvs/rft-site/lib/python3.12/site-packages/gunicorn/workers/base.py", line 147, in load_wsgi
    self.wsgi = self.app.wsgi()
                ^^^^^^^^^^^^^^^
  File "/home/rftuser/.venvs/rft-site/lib/python3.12/site-packages/gunicorn/app/base.py", line 66, in wsgi
    self.callable = self.load()
                    ^^^^^^^^^^^
  File "/home/rftuser/.venvs/rft-site/lib/python3.12/site-packages/gunicorn/app/wsgiapp.py", line 57, in load
    return self.load_wsgiapp()
           ^^^^^^^^^^^^^^^^^^^
  File "/home/rftuser/.venvs/rft-site/lib/python3.12/site-packages/gunicorn/app/wsgiapp.py", line 47, in load_wsgiapp
    return util.import_app(self.app_uri)
           ^^^^^^^^^^^^^^^^^^^^^^^^^^^^^
  File "/home/rftuser/.venvs/rft-site/lib/python3.12/site-packages/gunicorn/util.py", line 370, in import_app
    mod = importlib.import_module(module)
          ^^^^^^^^^^^^^^^^^^^^^^^^^^^^^^^
  File "/usr/lib/python3.12/importlib/__init__.py", line 90, in import_module
    return _bootstrap._gcd_import(name[level:], package, level)
           ^^^^^^^^^^^^^^^^^^^^^^^^^^^^^^^^^^^^^^^^^^^^^^^^^^^^
  File "<frozen importlib._bootstrap>", line 1387, in _gcd_import
  File "<frozen importlib._bootstrap>", line 1360, in _find_and_load
  File "<frozen importlib._bootstrap>", line 1324, in _find_and_load_unlocked
ModuleNotFoundError: No module named 'run'
[2025-11-11 10:42:00 +0000] [2754265] [INFO] Worker exiting (pid: 2754265)
[2025-11-11 10:42:00 +0000] [2754262] [ERROR] Worker (pid:2754263) exited with code 3
[2025-11-11 10:42:00 +0000] [2754262] [ERROR] Worker (pid:2754264) was sent SIGTERM!
[2025-11-11 10:42:00 +0000] [2754262] [ERROR] Worker (pid:2754265) was sent SIGTERM!
[2025-11-11 10:42:01 +0000] [2754262] [ERROR] Shutting down: Master
[2025-11-11 10:42:01 +0000] [2754262] [ERROR] Reason: Worker failed to boot.
