This is pdfTeX, Version 3.141592653-2.6-1.40.26 (TeX Live 2025/dev/Debian) (preloaded format=pdflatex 2025.11.11)  11 NOV 2025 11:08
entering extended mode
 restricted \write18 enabled.
 %&-line parsing enabled.
**main.tex
(./main.tex
LaTeX2e <2024-06-01> patch level 2
L3 programming layer <2024-05-27>
(/usr/share/texlive/texmf-dist/tex/latex/base/article.cls
Document Class: article 2024/02/08 v1.4n Standard LaTeX document class
(/usr/share/texlive/texmf-dist/tex/latex/base/size11.clo
File: size11.clo 2024/02/08 v1.4n Standard LaTeX file (size option)
)
\c@part=\count194
\c@section=\count195
\c@subsection=\count196
\c@subsubsection=\count197
\c@paragraph=\count198
\c@subparagraph=\count199
\c@figure=\count266
\c@table=\count267
\abovecaptionskip=\skip49
\belowcaptionskip=\skip50
\bibindent=\dimen141
)
(/usr/share/texlive/texmf-dist/tex/latex/preprint/authblk.sty
Package: authblk 2001/02/27 1.3 (PWD)
\affilsep=\skip51
\@affilsep=\skip52
\c@Maxaffil=\count268
\c@authors=\count269
\c@affil=\count270
)
(/usr/share/texlive/texmf-dist/tex/latex/amsmath/amsmath.sty
Package: amsmath 2024/05/23 v2.17q AMS math features
\@mathmargin=\skip53

For additional information on amsmath, use the `?' option.
(/usr/share/texlive/texmf-dist/tex/latex/amsmath/amstext.sty
Package: amstext 2021/08/26 v2.01 AMS text

(/usr/share/texlive/texmf-dist/tex/latex/amsmath/amsgen.sty
File: amsgen.sty 1999/11/30 v2.0 generic functions
\@emptytoks=\toks17
\ex@=\dimen142
))
(/usr/share/texlive/texmf-dist/tex/latex/amsmath/amsbsy.sty
Package: amsbsy 1999/11/29 v1.2d Bold Symbols
\pmbraise@=\dimen143
)
(/usr/share/texlive/texmf-dist/tex/latex/amsmath/amsopn.sty
Package: amsopn 2022/04/08 v2.04 operator names
)
\inf@bad=\count271
LaTeX Info: Redefining \frac on input line 233.
\uproot@=\count272
\leftroot@=\count273
LaTeX Info: Redefining \overline on input line 398.
LaTeX Info: Redefining \colon on input line 409.
\classnum@=\count274
\DOTSCASE@=\count275
LaTeX Info: Redefining \ldots on input line 495.
LaTeX Info: Redefining \dots on input line 498.
LaTeX Info: Redefining \cdots on input line 619.
\Mathstrutbox@=\box52
\strutbox@=\box53
LaTeX Info: Redefining \big on input line 721.
LaTeX Info: Redefining \Big on input line 722.
LaTeX Info: Redefining \bigg on input line 723.
LaTeX Info: Redefining \Bigg on input line 724.
\big@size=\dimen144
LaTeX Font Info:    Redeclaring font encoding OML on input line 742.
LaTeX Font Info:    Redeclaring font encoding OMS on input line 743.
\macc@depth=\count276
LaTeX Info: Redefining \bmod on input line 904.
LaTeX Info: Redefining \pmod on input line 909.
LaTeX Info: Redefining \smash on input line 939.
LaTeX Info: Redefining \relbar on input line 969.
LaTeX Info: Redefining \Relbar on input line 970.
\c@MaxMatrixCols=\count277
\dotsspace@=\muskip17
\c@parentequation=\count278
\dspbrk@lvl=\count279
\tag@help=\toks18
\row@=\count280
\column@=\count281
\maxfields@=\count282
\andhelp@=\toks19
\eqnshift@=\dimen145
\alignsep@=\dimen146
\tagshift@=\dimen147
\tagwidth@=\dimen148
\totwidth@=\dimen149
\lineht@=\dimen150
\@envbody=\toks20
\multlinegap=\skip54
\multlinetaggap=\skip55
\mathdisplay@stack=\toks21
LaTeX Info: Redefining \[ on input line 2953.
LaTeX Info: Redefining \] on input line 2954.
)
(/usr/share/texlive/texmf-dist/tex/latex/amsfonts/amssymb.sty
Package: amssymb 2013/01/14 v3.01 AMS font symbols

(/usr/share/texlive/texmf-dist/tex/latex/amsfonts/amsfonts.sty
Package: amsfonts 2013/01/14 v3.01 Basic AMSFonts support
\symAMSa=\mathgroup4
\symAMSb=\mathgroup5
LaTeX Font Info:    Redeclaring math symbol \hbar on input line 98.
LaTeX Font Info:    Overwriting math alphabet `\mathfrak' in version `bold'
(Font)                  U/euf/m/n --> U/euf/b/n on input line 106.
))
(/usr/share/texlive/texmf-dist/tex/latex/graphics/graphicx.sty
Package: graphicx 2021/09/16 v1.2d Enhanced LaTeX Graphics (DPC,SPQR)

(/usr/share/texlive/texmf-dist/tex/latex/graphics/keyval.sty
Package: keyval 2022/05/29 v1.15 key=value parser (DPC)
\KV@toks@=\toks22
)
(/usr/share/texlive/texmf-dist/tex/latex/graphics/graphics.sty
Package: graphics 2024/05/23 v1.4g Standard LaTeX Graphics (DPC,SPQR)

(/usr/share/texlive/texmf-dist/tex/latex/graphics/trig.sty
Package: trig 2023/12/02 v1.11 sin cos tan (DPC)
)
(/usr/share/texlive/texmf-dist/tex/latex/graphics-cfg/graphics.cfg
File: graphics.cfg 2016/06/04 v1.11 sample graphics configuration
)
Package graphics Info: Driver file: pdftex.def on input line 106.

(/usr/share/texlive/texmf-dist/tex/latex/graphics-def/pdftex.def
File: pdftex.def 2024/04/13 v1.2c Graphics/color driver for pdftex
))
\Gin@req@height=\dimen151
\Gin@req@width=\dimen152
)
(/usr/share/texlive/texmf-dist/tex/latex/hyperref/hyperref.sty
Package: hyperref 2024-05-23 v7.01i Hypertext links for LaTeX

(/usr/share/texlive/texmf-dist/tex/generic/iftex/iftex.sty
Package: iftex 2022/02/03 v1.0f TeX engine tests
)
(/usr/share/texlive/texmf-dist/tex/latex/kvsetkeys/kvsetkeys.sty
Package: kvsetkeys 2022-10-05 v1.19 Key value parser (HO)
)
(/usr/share/texlive/texmf-dist/tex/generic/kvdefinekeys/kvdefinekeys.sty
Package: kvdefinekeys 2019-12-19 v1.6 Define keys (HO)
)
(/usr/share/texlive/texmf-dist/tex/generic/pdfescape/pdfescape.sty
Package: pdfescape 2019/12/09 v1.15 Implements pdfTeX's escape features (HO)

(/usr/share/texlive/texmf-dist/tex/generic/ltxcmds/ltxcmds.sty
Package: ltxcmds 2023-12-04 v1.26 LaTeX kernel commands for general use (HO)
)
(/usr/share/texlive/texmf-dist/tex/generic/pdftexcmds/pdftexcmds.sty
Package: pdftexcmds 2020-06-27 v0.33 Utility functions of pdfTeX for LuaTeX (HO
)

(/usr/share/texlive/texmf-dist/tex/generic/infwarerr/infwarerr.sty
Package: infwarerr 2019/12/03 v1.5 Providing info/warning/error messages (HO)
)
Package pdftexcmds Info: \pdf@primitive is available.
Package pdftexcmds Info: \pdf@ifprimitive is available.
Package pdftexcmds Info: \pdfdraftmode found.
))
(/usr/share/texlive/texmf-dist/tex/latex/hycolor/hycolor.sty
Package: hycolor 2020-01-27 v1.10 Color options for hyperref/bookmark (HO)
)
(/usr/share/texlive/texmf-dist/tex/latex/hyperref/nameref.sty
Package: nameref 2023-11-26 v2.56 Cross-referencing by name of section

(/usr/share/texlive/texmf-dist/tex/latex/refcount/refcount.sty
Package: refcount 2019/12/15 v3.6 Data extraction from label references (HO)
)
(/usr/share/texlive/texmf-dist/tex/generic/gettitlestring/gettitlestring.sty
Package: gettitlestring 2019/12/15 v1.6 Cleanup title references (HO)

(/usr/share/texlive/texmf-dist/tex/latex/kvoptions/kvoptions.sty
Package: kvoptions 2022-06-15 v3.15 Key value format for package options (HO)
))
\c@section@level=\count283
)
(/usr/share/texlive/texmf-dist/tex/latex/etoolbox/etoolbox.sty
Package: etoolbox 2020/10/05 v2.5k e-TeX tools for LaTeX (JAW)
\etb@tempcnta=\count284
)
(/usr/share/texlive/texmf-dist/tex/generic/stringenc/stringenc.sty
Package: stringenc 2019/11/29 v1.12 Convert strings between diff. encodings (HO
)
)
\@linkdim=\dimen153
\Hy@linkcounter=\count285
\Hy@pagecounter=\count286

(/usr/share/texlive/texmf-dist/tex/latex/hyperref/pd1enc.def
File: pd1enc.def 2024-05-23 v7.01i Hyperref: PDFDocEncoding definition (HO)
Now handling font encoding PD1 ...
... no UTF-8 mapping file for font encoding PD1
)
(/usr/share/texlive/texmf-dist/tex/generic/intcalc/intcalc.sty
Package: intcalc 2019/12/15 v1.3 Expandable calculations with integers (HO)
)
\Hy@SavedSpaceFactor=\count287

(/usr/share/texlive/texmf-dist/tex/latex/hyperref/puenc.def
File: puenc.def 2024-05-23 v7.01i Hyperref: PDF Unicode definition (HO)
Now handling font encoding PU ...
... no UTF-8 mapping file for font encoding PU
)
Package hyperref Info: Hyper figures OFF on input line 4157.
Package hyperref Info: Link nesting OFF on input line 4162.
Package hyperref Info: Hyper index ON on input line 4165.
Package hyperref Info: Plain pages OFF on input line 4172.
Package hyperref Info: Backreferencing OFF on input line 4177.
Package hyperref Info: Implicit mode ON; LaTeX internals redefined.
Package hyperref Info: Bookmarks ON on input line 4424.
\c@Hy@tempcnt=\count288

(/usr/share/texlive/texmf-dist/tex/latex/url/url.sty
\Urlmuskip=\muskip18
Package: url 2013/09/16  ver 3.4  Verb mode for urls, etc.
)
LaTeX Info: Redefining \url on input line 4763.
\XeTeXLinkMargin=\dimen154

(/usr/share/texlive/texmf-dist/tex/generic/bitset/bitset.sty
Package: bitset 2019/12/09 v1.3 Handle bit-vector datatype (HO)

(/usr/share/texlive/texmf-dist/tex/generic/bigintcalc/bigintcalc.sty
Package: bigintcalc 2019/12/15 v1.5 Expandable calculations on big integers (HO
)
))
\Fld@menulength=\count289
\Field@Width=\dimen155
\Fld@charsize=\dimen156
Package hyperref Info: Hyper figures OFF on input line 6042.
Package hyperref Info: Link nesting OFF on input line 6047.
Package hyperref Info: Hyper index ON on input line 6050.
Package hyperref Info: backreferencing OFF on input line 6057.
Package hyperref Info: Link coloring OFF on input line 6062.
Package hyperref Info: Link coloring with OCG OFF on input line 6067.
Package hyperref Info: PDF/A mode OFF on input line 6072.

(/usr/share/texlive/texmf-dist/tex/latex/base/atbegshi-ltx.sty
Package: atbegshi-ltx 2021/01/10 v1.0c Emulation of the original atbegshi
package with kernel methods
)
\Hy@abspage=\count290
\c@Item=\count291
\c@Hfootnote=\count292
)
Package hyperref Info: Driver (autodetected): hpdftex.

(/usr/share/texlive/texmf-dist/tex/latex/hyperref/hpdftex.def
File: hpdftex.def 2024-05-23 v7.01i Hyperref driver for pdfTeX

(/usr/share/texlive/texmf-dist/tex/latex/base/atveryend-ltx.sty
Package: atveryend-ltx 2020/08/19 v1.0a Emulation of the original atveryend pac
kage
with kernel methods
)
\Fld@listcount=\count293
\c@bookmark@seq@number=\count294

(/usr/share/texlive/texmf-dist/tex/latex/rerunfilecheck/rerunfilecheck.sty
Package: rerunfilecheck 2022-07-10 v1.10 Rerun checks for auxiliary files (HO)

(/usr/share/texlive/texmf-dist/tex/generic/uniquecounter/uniquecounter.sty
Package: uniquecounter 2019/12/15 v1.4 Provide unlimited unique counter (HO)
)
Package uniquecounter Info: New unique counter `rerunfilecheck' on input line 2
85.
)
\Hy@SectionHShift=\skip56
)
(/usr/share/texlive/texmf-dist/tex/latex/booktabs/booktabs.sty
Package: booktabs 2020/01/12 v1.61803398 Publication quality tables
\heavyrulewidth=\dimen157
\lightrulewidth=\dimen158
\cmidrulewidth=\dimen159
\belowrulesep=\dimen160
\belowbottomsep=\dimen161
\aboverulesep=\dimen162
\abovetopsep=\dimen163
\cmidrulesep=\dimen164
\cmidrulekern=\dimen165
\defaultaddspace=\dimen166
\@cmidla=\count295
\@cmidlb=\count296
\@aboverulesep=\dimen167
\@belowrulesep=\dimen168
\@thisruleclass=\count297
\@lastruleclass=\count298
\@thisrulewidth=\dimen169
)
(/usr/share/texlive/texmf-dist/tex/latex/xcolor/xcolor.sty
Package: xcolor 2023/11/15 v3.01 LaTeX color extensions (UK)

(/usr/share/texlive/texmf-dist/tex/latex/graphics-cfg/color.cfg
File: color.cfg 2016/01/02 v1.6 sample color configuration
)
Package xcolor Info: Driver file: pdftex.def on input line 274.

(/usr/share/texlive/texmf-dist/tex/latex/graphics/mathcolor.ltx)
Package xcolor Info: Model `cmy' substituted by `cmy0' on input line 1350.
Package xcolor Info: Model `hsb' substituted by `rgb' on input line 1354.
Package xcolor Info: Model `RGB' extended on input line 1366.
Package xcolor Info: Model `HTML' substituted by `rgb' on input line 1368.
Package xcolor Info: Model `Hsb' substituted by `hsb' on input line 1369.
Package xcolor Info: Model `tHsb' substituted by `hsb' on input line 1370.
Package xcolor Info: Model `HSB' substituted by `hsb' on input line 1371.
Package xcolor Info: Model `Gray' substituted by `gray' on input line 1372.
Package xcolor Info: Model `wave' substituted by `hsb' on input line 1373.
)
(./build/numbers.tex)
(/usr/share/texlive/texmf-dist/tex/latex/l3backend/l3backend-pdftex.def
File: l3backend-pdftex.def 2024-05-08 L3 backend support: PDF output (pdfTeX)
\l__color_backend_stack_int=\count299
\l__pdf_internal_box=\box54
)
(./main.aux)
\openout1 = `main.aux'.

LaTeX Font Info:    Checking defaults for OML/cmm/m/it on input line 14.
LaTeX Font Info:    ... okay on input line 14.
LaTeX Font Info:    Checking defaults for OMS/cmsy/m/n on input line 14.
LaTeX Font Info:    ... okay on input line 14.
LaTeX Font Info:    Checking defaults for OT1/cmr/m/n on input line 14.
LaTeX Font Info:    ... okay on input line 14.
LaTeX Font Info:    Checking defaults for T1/cmr/m/n on input line 14.
LaTeX Font Info:    ... okay on input line 14.
LaTeX Font Info:    Checking defaults for TS1/cmr/m/n on input line 14.
LaTeX Font Info:    ... okay on input line 14.
LaTeX Font Info:    Checking defaults for OMX/cmex/m/n on input line 14.
LaTeX Font Info:    ... okay on input line 14.
LaTeX Font Info:    Checking defaults for U/cmr/m/n on input line 14.
LaTeX Font Info:    ... okay on input line 14.
LaTeX Font Info:    Checking defaults for PD1/pdf/m/n on input line 14.
LaTeX Font Info:    ... okay on input line 14.
LaTeX Font Info:    Checking defaults for PU/pdf/m/n on input line 14.
LaTeX Font Info:    ... okay on input line 14.
 (/usr/share/texlive/texmf-dist/tex/context/base/mkii/supp-pdf.mkii
[Loading MPS to PDF converter (version 2006.09.02).]
\scratchcounter=\count300
\scratchdimen=\dimen170
\scratchbox=\box55
\nofMPsegments=\count301
\nofMParguments=\count302
\everyMPshowfont=\toks23
\MPscratchCnt=\count303
\MPscratchDim=\dimen171
\MPnumerator=\count304
\makeMPintoPDFobject=\count305
\everyMPtoPDFconversion=\toks24
) (/usr/share/texlive/texmf-dist/tex/latex/epstopdf-pkg/epstopdf-base.sty
Package: epstopdf-base 2020-01-24 v2.11 Base part for package epstopdf
Package epstopdf-base Info: Redefining graphics rule for `.eps' on input line 4
85.

(/usr/share/texlive/texmf-dist/tex/latex/latexconfig/epstopdf-sys.cfg
File: epstopdf-sys.cfg 2010/07/13 v1.3 Configuration of (r)epstopdf for TeX Liv
e
))
Package hyperref Info: Link coloring OFF on input line 14.

(./main.out) (./main.out)
\@outlinefile=\write3
\openout3 = `main.out'.

LaTeX Font Info:    Trying to load font information for U+msa on input line 17.


(/usr/share/texlive/texmf-dist/tex/latex/amsfonts/umsa.fd
File: umsa.fd 2013/01/14 v3.01 AMS symbols A
)
LaTeX Font Info:    Trying to load font information for U+msb on input line 17.


(/usr/share/texlive/texmf-dist/tex/latex/amsfonts/umsb.fd
File: umsb.fd 2013/01/14 v3.01 AMS symbols B
)
(./sections/abstract.tex
Underfull \hbox (badness 1472) in paragraph at lines 9--10
\OT1/cmr/m/n/10.95 and ro-bust-ness suite high-light the in-tended
 []




Underfull \hbox (badness 1472) in paragraph at lines 11--12
\OT1/cmr/m/n/10.95 line lock and the new num-bers hash lock,
 []

) (./sections/introduction.tex

[1{/var/lib/texmf/fonts/map/pdftex/updmap/pdftex.map}


]

) (./sections/methods.tex

LaTeX Warning: Citation `Lelli2016' on page 2 undefined on input line 8.


Underfull \hbox (badness 10000) in paragraph at lines 18--19
[]\OT1/cmr/m/n/10.95 TRAIN and TEST man-i-fests
 []


Underfull \hbox (badness 10000) in paragraph at lines 18--19
\OT1/cmr/m/n/10.95 are pro-vided as frozen ar-ti-facts
 []


Underfull \hbox (badness 10000) in paragraph at lines 18--19
\OT1/cmr/m/n/10.95 (\OT1/cmtt/m/n/10.95 cases/SP99-TRAIN.manifest.txt\OT1/cmr/m
/n/10.95 ,
 []


Underfull \hbox (badness 10000) in paragraph at lines 18--19
\OT1/cmtt/m/n/10.95 cases/SP99-TEST.manifest.txt\OT1/cmr/m/n/10.95 ) to en-sure

 []



[2{/usr/share/texmf/fonts/enc/dvips/cm-super/cm-super-ts1.enc}]

LaTeX Warning: Citation `McGaugh2016' on page 3 undefined on input line 36.




Overfull \hbox (47.59116pt too wide) detected at line 54
[][][]\OML/cmm/m/it/10.95 g[]\OT1/cmr/m/n/10.95 (\OML/cmm/m/it/10.95 r\OT1/cmr/
m/n/10.95 ) = \OML/cmm/m/it/10.95 A[] [][] \OMS/cmsy/m/n/10.95 ^^A [] ^^A []
 []


Underfull \hbox (badness 4752) in paragraph at lines 68--69
[]\OT1/cmr/bx/n/10.95 Design in-tent\OT1/cmr/m/n/10.95 : The ac-cel-er-a-tion g
ate
 []


LaTeX Warning: Reference `tab:params' on page 3 undefined on input line 74.



[3]
Overfull \hbox (19.19484pt too wide) in paragraph at lines 80--92
 [][] 
 []


LaTeX Warning: Citation `Navarro1997' on page 4 undefined on input line 98.


Underfull \hbox (badness 1546) in paragraph at lines 108--109
\OT1/cmr/m/n/10.95 Modified New-to-nian Dy-nam-ics [[]] with the
 []




Underfull \hbox (badness 2245) in paragraph at lines 134--135
[]\OT1/cmr/bx/n/10.95 Freeze\OT1/cmr/m/n/10.95 : Best con-fig-u-ra-tion locked 
via
 []


Underfull \hbox (badness 10000) in paragraph at lines 134--135
\OT1/cmr/m/n/10.95 git tag (\OT1/cmtt/m/n/10.95 rc-v2-green-20pct\OT1/cmr/m/n/1
0.95 , com-mit
 []


Underfull \hbox (badness 1895) in paragraph at lines 139--140
\OT1/cmr/m/n/10.95 Grid bounds, se-lec-tion cri-te-ria, and TEST
 []


Underfull \hbox (badness 10000) in paragraph at lines 139--140
\OT1/cmr/m/n/10.95 eval-u-a-tion pro-to-col were doc-u-mented in
 []


Underfull \hbox (badness 1442) in paragraph at lines 139--140
\OT1/cmr/m/n/10.95 This en-sures hon-est re-port-ing and pre-vents
 []



[4]
Overfull \hbox (45.49599pt too wide) detected at line 156
[][][]\OML/cmm/m/it/10.95 p \OT1/cmr/m/n/10.95 = [] \OML/cmm/m/it/10.95 P\OT1/c
mr/m/n/10.95 (\OML/cmm/m/it/10.95 X \OT1/cmr/m/n/10.95 = \OML/cmm/m/it/10.95 k\
OT1/cmr/m/n/10.95 )\OML/cmm/m/it/10.95 ;  X \OMS/cmsy/m/n/10.95 ^^X []\OT1/cmr/
m/n/10.95 (\OML/cmm/m/it/10.95 b \OT1/cmr/m/n/10.95 + \OML/cmm/m/it/10.95 c; \O
T1/cmr/m/n/10.95 0\OML/cmm/m/it/10.95 :\OT1/cmr/m/n/10.95 5)
 []


Package hyperref Warning: Token not allowed in a PDF string (Unicode):
(hyperref)                removing `math shift' on input line 160.


Package hyperref Warning: Token not allowed in a PDF string (Unicode):
(hyperref)                removing `math shift' on input line 160.




LaTeX Warning: Citation `Wilson1927' on page 5 undefined on input line 172.



[5]
Underfull \hbox (badness 10000) in paragraph at lines 203--204
[]\OT1/cmr/m/n/10.95 SHA256 check-sums of all
 []


Underfull \hbox (badness 10000) in paragraph at lines 203--204
\OT1/cmr/m/n/10.95 frozen ar-ti-facts are pro-vided in
 []


Overfull \hbox (129.76292pt too wide) in paragraph at lines 214--228
 [][] 
 []


Underfull \hbox (badness 10000) in paragraph at lines 232--233
[]\OT1/cmr/m/n/10.95 Model im-ple-men-ta-tion:
 []


Underfull \hbox (badness 10000) in paragraph at lines 233--234
[]\OT1/cmr/m/n/10.95 Grid search:
 []




Underfull \hbox (badness 10000) in paragraph at lines 235--236
[]\OT1/cmr/m/n/10.95 Statistical tests:
 []


Overfull \hbox (24.87698pt too wide) in paragraph at lines 235--236
\OT1/cmtt/m/n/10.95 analysis/fairness/compute[]paired[]stats.py 
 []


Underfull \hbox (badness 10000) in paragraph at lines 237--238
[]\OT1/cmr/m/n/10.95 Stability per-tur-ba-tions:
 []


Overfull \hbox (7.63092pt too wide) in paragraph at lines 237--238
\OT1/cmtt/m/n/10.95 scripts/generate[]stability[]analysis.py 
 []


Underfull \hbox (badness 10000) in paragraph at lines 238--239
[]\OT1/cmr/m/n/10.95 LaTeX macro emis-sion:
 []


Underfull \hbox (badness 1603) in paragraph at lines 243--244
\OT1/cmr/bx/n/10.95 RUNME pipeline\OT1/cmr/m/n/10.95 : \OT1/cmtt/m/n/10.95 RUNM
E.sh \OT1/cmr/m/n/10.95 ver-i-fies the
 []


Underfull \hbox (badness 10000) in paragraph at lines 243--244
\OT1/cmr/m/n/10.95 ar-ti-facts, emits \OT1/cmtt/m/n/10.95 paper/build/numbers.t
ex\OT1/cmr/m/n/10.95 ,
 []


Underfull \hbox (badness 2698) in paragraph at lines 243--244
\OT1/cmr/m/n/10.95 and run-time checks the CI gates. The
 []


Underfull \hbox (badness 10000) in paragraph at lines 243--244
\OT1/cmr/m/n/10.95 GitHub Ac-tions work-flow en-forces two
 []


Underfull \hbox (badness 1552) in paragraph at lines 243--244
\OT1/cmr/m/n/10.95 guardrails on ev-ery com-mit: (i) the base-
 []


Underfull \hbox (badness 10000) in paragraph at lines 243--244
\OT1/cmtt/m/n/10.95 scripts/verify[]final[]numbers[]hash.py
 []


Underfull \hbox (badness 10000) in paragraph at lines 243--244
\OT1/cmr/m/n/10.95 (ex-pected SHA256 $=$
 []


Overfull \hbox (145.71603pt too wide) in paragraph at lines 243--244
\OT1/cmtt/m/n/10.95 d935dad7070d371578cdfacdaf6f6a62921ef5943ff8a0884e09c4b321c
7bb1e\OT1/cmr/m/n/10.95 ),
 []


Underfull \hbox (badness 6078) in paragraph at lines 245--246
\OT1/cmr/m/n/10.95 and \OT1/cmtt/m/n/10.95 paper/tables/generate[]all[]tables.p
y\OT1/cmr/m/n/10.95 .
 []


Underfull \hbox (badness 10000) in paragraph at lines 245--246
\OT1/cmr/m/n/10.95 The linked JSON sources are frozen
 []


Underfull \hbox (badness 10000) in paragraph at lines 245--246
\OT1/cmr/m/n/10.95 in \OT1/cmtt/m/n/10.95 paper/build/final[]numbers.json\OT1/c
mr/m/n/10.95 ,
 []


Underfull \hbox (badness 10000) in paragraph at lines 245--246
\OT1/cmtt/m/n/10.95 app/static/data/v2[]fairness[]pack.json\OT1/cmr/m/n/10.95 ,

 []


Underfull \hbox (badness 10000) in paragraph at lines 245--246
\OT1/cmtt/m/n/10.95 app/static/data/v2[]stability.json\OT1/cmr/m/n/10.95 , and
 []

) (./sections/results.tex
Underfull \hbox (badness 10000) in paragraph at lines 247--2
\OT1/cmtt/m/n/10.95 rft-[]cosmology / rft-[]v2-[]galaxy-[]rotations$[]\OT1/cmr/
m/n/10.95 .
 []



[6]
<figs/fig1_overview.pdf, id=231, 570.88783pt x 424.02629pt>
File: figs/fig1_overview.pdf Graphic file (type pdf)
<use figs/fig1_overview.pdf>
Package pdftex.def Info: figs/fig1_overview.pdf  used on input line 10.
(pdftex.def)             Requested size: 229.5pt x 170.46156pt.

Underfull \hbox (badness 2990) in paragraph at lines 15--16
\OT1/cmr/m/n/10.95 par-i-son. RFT v2 passes the 20% RMS
 []


Underfull \hbox (badness 5681) in paragraph at lines 15--16
\OT1/cmr/m/n/10.95 test in 20/34galax-ies (58.8%; Wil-son CI
 []


Underfull \hbox (badness 1400) in paragraph at lines 15--16
\OT1/cmr/m/n/10.95 [42\OML/cmm/m/it/10.95 :\OT1/cmr/m/n/10.95 2%\OML/cmm/m/it/1
0.95 ; \OT1/cmr/m/n/10.95 73\OML/cmm/m/it/10.95 :\OT1/cmr/m/n/10.95 6%]$). The 
global NFW base-line
 []

<figs/fig2_mcnemar.pdf, id=233, 958.51123pt x 423.34785pt>
File: figs/fig2_mcnemar.pdf Graphic file (type pdf)
<use figs/fig2_mcnemar.pdf>
Package pdftex.def Info: figs/fig2_mcnemar.pdf  used on input line 19.
(pdftex.def)             Requested size: 229.5pt x 101.36008pt.


(./tables/t1_param_budget.tex)
Overfull \hbox (216.31042pt too wide) in paragraph at lines 4--30
 [][] 
 []



[7 <./figs/fig1_overview.pdf> <./figs/fig2_mcnemar.pdf>]
<figs/fig3_lsb_hsb.pdf, id=479, 715.42784pt x 498.78471pt>
File: figs/fig3_lsb_hsb.pdf Graphic file (type pdf)
<use figs/fig3_lsb_hsb.pdf>
Package pdftex.def Info: figs/fig3_lsb_hsb.pdf  used on input line 38.
(pdftex.def)             Requested size: 229.5pt x 160.00252pt.

(./tables/t2_lsb_hsb.tex)
Overfull \hbox (79.14114pt too wide) in paragraph at lines 4--45
 [][] 
 []



<figs/fig4_stability.pdf, id=482, 860.14096pt x 498.75835pt>
File: figs/fig4_stability.pdf Graphic file (type pdf)
<use figs/fig4_stability.pdf>
Package pdftex.def Info: figs/fig4_stability.pdf  used on input line 53.
(pdftex.def)             Requested size: 229.5pt x 133.07597pt.

Underfull \hbox (badness 10000) in paragraph at lines 58--59
\OT1/cmr/m/n/10.95 Figure []4[] (sup-ported by
 []


Underfull \hbox (badness 10000) in paragraph at lines 58--59
\OT1/cmtt/m/n/10.95 scripts/generate[]stability[]analysis.py\OT1/cmr/m/n/10.95 
)
 []

<figs/fig6_ablations.pdf, id=484, 715.76534pt x 571.02838pt>
File: figs/fig6_ablations.pdf Graphic file (type pdf)
<use figs/fig6_ablations.pdf>
Package pdftex.def Info: figs/fig6_ablations.pdf  used on input line 62.
(pdftex.def)             Requested size: 229.5pt x 183.09006pt.

Underfull \hbox (badness 1527) in paragraph at lines 63--63
[]\OT1/cmr/m/n/10.95 Figure 5: []Ablation study. Re-mov-ing the
 []


Underfull \hbox (badness 1253) in paragraph at lines 63--63
\OT1/cmr/m/n/10.95 acceleration-gated tail col-lapses per-for-mance;
 []

(./tables/t3_ablations.tex)
Overfull \hbox (112.92278pt too wide) in paragraph at lines 4--69
 [][] 
 []

<figs/fig5_rotation_gallery.pdf, id=487, 952.52426pt x 682.59393pt>
File: figs/fig5_rotation_gallery.pdf Graphic file (type pdf)
<use figs/fig5_rotation_gallery.pdf>
Package pdftex.def Info: figs/fig5_rotation_gallery.pdf  used on input line 77.

(pdftex.def)             Requested size: 445.54857pt x 319.28812pt.
) (./sections/discussion.tex
Underfull \vbox (badness 10000) has occurred while \output is active []



[8 <./figs/fig3_lsb_hsb.pdf> <./figs/fig4_stability.pdf>]


Underfull \hbox (badness 1629) in paragraph at lines 12--13
\OT1/cmr/m/n/10.95 Both the fair-ness ta-ble (Ta-ble []4[]) and the
 []


Underfull \vbox (badness 3449) has occurred while \output is active []



[9 <./figs/fig6_ablations.pdf>]
Underfull \vbox (badness 7814) has occurred while \output is active []




Underfull \hbox (badness 1360) in paragraph at lines 20--21
\OT1/cmr/m/n/10.95 by (i) dy-nam-i-cally hot or bulge-heavy sys-
 []



[10 <./figs/fig5_rotation_gallery.pdf>]) (./sections/conclusions.tex
Underfull \hbox (badness 2189) in paragraph at lines 28--2
\OT1/cmr/m/n/10.95 to a k=2 base-line, over-stat-ing the ad-van-
 []


Overfull \hbox (2.97693pt too wide) in paragraph at lines 28--2
\OT1/cmtt/m/n/10.95 analysis/fairness/compute[]paired[]stats.py
 []


Underfull \hbox (badness 10000) in paragraph at lines 28--2
\OT1/cmr/m/n/10.95 gen-er-ates the Mc-Ne-mar in-puts,
 []


Underfull \hbox (badness 10000) in paragraph at lines 28--2
\OT1/cmtt/m/n/10.95 scripts/generate[]fairness[]pack.py
 []


Underfull \hbox (badness 10000) in paragraph at lines 28--2
\OT1/cmr/m/n/10.95 locks the head-to-head ar-rays, and
 []


Underfull \hbox (badness 10000) in paragraph at lines 28--2
\OT1/cmtt/m/n/10.95 scripts/emit[]tex[]numbers.py \OT1/cmr/m/n/10.95 en-sures
 []


Underfull \hbox (badness 10000) in paragraph at lines 28--2
\OT1/cmr/m/n/10.95 that ev-ery head-line num-ber in the
 []


Underfull \hbox (badness 10000) in paragraph at lines 28--2
\OT1/cmr/m/n/10.95 prose orig-i-nates from the hash-locked
 []


Underfull \hbox (badness 10000) in paragraph at lines 28--2
\OT1/cmtt/m/n/10.95 paper/build/final[]numbers.json\OT1/cmr/m/n/10.95 . Com-
 []


Underfull \hbox (badness 1014) in paragraph at lines 28--2
\OT1/cmr/m/n/10.95 pre-vents ac-ci-den-tal drift be-tween the frozen
 []




Underfull \hbox (badness 2600) in paragraph at lines 10--11
\OT1/cmr/m/n/10.95 hort to im-prove sta-tis-ti-cal power; (2)
 []

) (./main.bbl)

[11] (./main.aux)
 ***********
LaTeX2e <2024-06-01> patch level 2
L3 programming layer <2024-05-27>
 ***********


LaTeX Warning: There were undefined references.

Package rerunfilecheck Info: File `main.out' has not changed.
(rerunfilecheck)             Checksum: A9525B700A0386215686EE0B6BB3A0C2;6234.
 ) 
Here is how much of TeX's memory you used:
 10595 strings out of 475468
 160629 string characters out of 5776078
 1941905 words of memory out of 5000000
 33003 multiletter control sequences out of 15000+600000
 569432 words of font info for 80 fonts, out of 8000000 for 9000
 59 hyphenation exceptions out of 8191
 75i,13n,79p,998b,525s stack positions out of 10000i,1000n,20000p,200000b,200000s
</usr/share/texlive/texmf-dist/fonts/type1/public/amsfonts/cm/cmbx10.pfb></us
r/share/texlive/texmf-dist/fonts/type1/public/amsfonts/cm/cmbx12.pfb></usr/shar
e/texlive/texmf-dist/fonts/type1/public/amsfonts/cm/cmbx8.pfb></usr/share/texli
ve/texmf-dist/fonts/type1/public/amsfonts/cm/cmex10.pfb></usr/share/texlive/tex
mf-dist/fonts/type1/public/amsfonts/cm/cmmi10.pfb></usr/share/texlive/texmf-dis
t/fonts/type1/public/amsfonts/cm/cmmi6.pfb></usr/share/texlive/texmf-dist/fonts
/type1/public/amsfonts/cm/cmmi8.pfb></usr/share/texlive/texmf-dist/fonts/type1/
public/amsfonts/cm/cmr10.pfb></usr/share/texlive/texmf-dist/fonts/type1/public/
amsfonts/cm/cmr12.pfb></usr/share/texlive/texmf-dist/fonts/type1/public/amsfont
s/cm/cmr17.pfb></usr/share/texlive/texmf-dist/fonts/type1/public/amsfonts/cm/cm
r6.pfb></usr/share/texlive/texmf-dist/fonts/type1/public/amsfonts/cm/cmr7.pfb><
/usr/share/texlive/texmf-dist/fonts/type1/public/amsfonts/cm/cmr8.pfb></usr/sha
re/texlive/texmf-dist/fonts/type1/public/amsfonts/cm/cmsy10.pfb></usr/share/tex
live/texmf-dist/fonts/type1/public/amsfonts/cm/cmsy6.pfb></usr/share/texlive/te
xmf-dist/fonts/type1/public/amsfonts/cm/cmsy7.pfb></usr/share/texlive/texmf-dis
t/fonts/type1/public/amsfonts/cm/cmsy8.pfb></usr/share/texlive/texmf-dist/fonts
/type1/public/amsfonts/cm/cmti10.pfb></usr/share/texlive/texmf-dist/fonts/type1
/public/amsfonts/cm/cmtt10.pfb></usr/share/texmf/fonts/type1/public/cm-super/sf
rm1095.pfb>
Output written on main.pdf (11 pages, 493756 bytes).
PDF statistics:
 1055 PDF objects out of 1200 (max. 8388607)
 399 compressed objects within 4 object streams
 79 named destinations out of 1000 (max. 500000)
 311 words of extra memory for PDF output out of 10000 (max. 10000000)

